2018-07-04T14:10:17.7390278+02:00  [INF] User profile is available. Using '"C:\Users\Michele\AppData\Local\ASP.NET\DataProtection-Keys"' as key repository and Windows DPAPI to encrypt keys at rest. (7ac5e29c)
2018-07-04T14:10:36.3131082+02:00 0HLF1KSJ5JCID:00000001 [INF] Request starting HTTP/1.1 GET http://localhost:5000/swagger   (ca22a1cb)
2018-07-04T14:10:36.4856272+02:00 0HLF1KSJ5JCID:00000001 [INF] Request finished in 180.6821ms 301  (791a596a)
2018-07-04T14:10:36.5007127+02:00 0HLF1KSJ5JCID:00000002 [INF] Request starting HTTP/1.1 GET http://localhost:5000/swagger/   (ca22a1cb)
2018-07-04T14:10:36.5277936+02:00 0HLF1KSJ5JCID:00000002 [INF] Sending file. Request path: '"/index.html"'. Physical path: '"N/A"' (27b0a520)
2018-07-04T14:10:36.5367353+02:00 0HLF1KSJ5JCID:00000002 [INF] Request finished in 36.0498ms 200 text/html (791a596a)
2018-07-04T14:10:36.5635818+02:00 0HLF1KSJ5JCID:00000003 [INF] Request starting HTTP/1.1 GET http://localhost:5000/swagger/css/typography.css   (ca22a1cb)
2018-07-04T14:10:36.5721587+02:00 0HLF1KSJ5JCIC:00000001 [INF] Request starting HTTP/1.1 GET http://localhost:5000/swagger/css/reset.css   (ca22a1cb)
2018-07-04T14:10:36.5895831+02:00 0HLF1KSJ5JCID:00000003 [INF] Sending file. Request path: '"/css/typography.css"'. Physical path: '"N/A"' (27b0a520)
2018-07-04T14:10:36.5908617+02:00 0HLF1KSJ5JCIF:00000001 [INF] Request starting HTTP/1.1 GET http://localhost:5000/swagger/css/screen.css   (ca22a1cb)
2018-07-04T14:10:36.5908379+02:00 0HLF1KSJ5JCIC:00000001 [INF] Sending file. Request path: '"/css/reset.css"'. Physical path: '"N/A"' (27b0a520)
2018-07-04T14:10:36.5975335+02:00 0HLF1KSJ5JCIF:00000001 [INF] Sending file. Request path: '"/css/screen.css"'. Physical path: '"N/A"' (27b0a520)
2018-07-04T14:10:36.5992169+02:00 0HLF1KSJ5JCIG:00000001 [INF] Request starting HTTP/1.1 GET http://localhost:5000/swagger/lib/jquery-1.8.0.min.js   (ca22a1cb)
2018-07-04T14:10:36.6313118+02:00 0HLF1KSJ5JCIF:00000001 [INF] Request finished in 40.4681ms 200 text/css (791a596a)
2018-07-04T14:10:36.6313240+02:00 0HLF1KSJ5JCIE:00000001 [INF] Request starting HTTP/1.1 GET http://localhost:5000/swagger/lib/object-assign-pollyfill.js   (ca22a1cb)
2018-07-04T14:10:36.6400148+02:00 0HLF1KSJ5JCIG:00000001 [INF] Sending file. Request path: '"/lib/jquery-1.8.0.min.js"'. Physical path: '"N/A"' (27b0a520)
2018-07-04T14:10:36.6552033+02:00 0HLF1KSJ5JCID:00000003 [INF] Request finished in 91.6415ms 200 text/css (791a596a)
2018-07-04T14:10:36.6644709+02:00 0HLF1KSJ5JCIC:00000001 [INF] Request finished in 92.3178ms 200 text/css (791a596a)
2018-07-04T14:10:36.7312908+02:00 0HLF1KSJ5JCID:00000004 [INF] Request starting HTTP/1.1 GET http://localhost:5000/swagger/lib/jquery.ba-bbq.min.js   (ca22a1cb)
2018-07-04T14:10:36.7560672+02:00 0HLF1KSJ5JCIE:00000001 [INF] Sending file. Request path: '"/lib/object-assign-pollyfill.js"'. Physical path: '"N/A"' (27b0a520)
2018-07-04T14:10:36.7861324+02:00 0HLF1KSJ5JCIF:00000002 [INF] Request starting HTTP/1.1 GET http://localhost:5000/swagger/lib/jquery.wiggle.min.js   (ca22a1cb)
2018-07-04T14:10:36.7902523+02:00 0HLF1KSJ5JCIH:00000001 [INF] Request starting HTTP/1.1 GET http://localhost:5000/swagger/lib/jquery.slideto.min.js   (ca22a1cb)
2018-07-04T14:10:36.8153622+02:00 0HLF1KSJ5JCIE:00000001 [INF] Request finished in 184.0499ms 200 application/javascript (791a596a)
2018-07-04T14:10:36.8668725+02:00 0HLF1KSJ5JCIE:00000002 [INF] Request starting HTTP/1.1 GET http://localhost:5000/swagger/lib/lodash.min.js   (ca22a1cb)
2018-07-04T14:10:36.8801738+02:00 0HLF1KSJ5JCIE:00000002 [INF] Sending file. Request path: '"/lib/lodash.min.js"'. Physical path: '"N/A"' (27b0a520)
2018-07-04T14:10:36.8898318+02:00 0HLF1KSJ5JCIC:00000002 [INF] Request starting HTTP/1.1 GET http://localhost:5000/swagger/lib/handlebars-4.0.5.js   (ca22a1cb)
2018-07-04T14:10:36.9127474+02:00 0HLF1KSJ5JCID:00000004 [INF] Sending file. Request path: '"/lib/jquery.ba-bbq.min.js"'. Physical path: '"N/A"' (27b0a520)
2018-07-04T14:10:36.9292363+02:00 0HLF1KSJ5JCID:00000004 [INF] Request finished in 197.9478ms 200 application/javascript (791a596a)
2018-07-04T14:10:36.9802934+02:00 0HLF1KSJ5JCIH:00000001 [INF] Sending file. Request path: '"/lib/jquery.slideto.min.js"'. Physical path: '"N/A"' (27b0a520)
2018-07-04T14:10:36.9919797+02:00 0HLF1KSJ5JCIE:00000002 [INF] Request finished in 125.0833ms 200 application/javascript (791a596a)
2018-07-04T14:10:37.0129979+02:00 0HLF1KSJ5JCIF:00000002 [INF] Sending file. Request path: '"/lib/jquery.wiggle.min.js"'. Physical path: '"N/A"' (27b0a520)
2018-07-04T14:10:37.0653282+02:00 0HLF1KSJ5JCIC:00000002 [INF] Sending file. Request path: '"/lib/handlebars-4.0.5.js"'. Physical path: '"N/A"' (27b0a520)
2018-07-04T14:10:37.0861196+02:00 0HLF1KSJ5JCIG:00000001 [INF] Request finished in 486.9064ms 200 application/javascript (791a596a)
2018-07-04T14:10:37.0949704+02:00 0HLF1KSJ5JCIH:00000001 [INF] Request finished in 304.7017ms 200 application/javascript (791a596a)
2018-07-04T14:10:37.1009303+02:00 0HLF1KSJ5JCIE:00000003 [INF] Request starting HTTP/1.1 GET http://localhost:5000/swagger/swagger-ui.min.js   (ca22a1cb)
2018-07-04T14:10:37.1082192+02:00 0HLF1KSJ5JCIE:00000003 [INF] Sending file. Request path: '"/swagger-ui.min.js"'. Physical path: '"N/A"' (27b0a520)
2018-07-04T14:10:37.1361215+02:00 0HLF1KSJ5JCID:00000005 [INF] Request starting HTTP/1.1 GET http://localhost:5000/swagger/lib/backbone-min.js   (ca22a1cb)
2018-07-04T14:10:37.1478300+02:00 0HLF1KSJ5JCIH:00000002 [INF] Request starting HTTP/1.1 GET http://localhost:5000/swagger/lib/highlight.9.1.0.pack_extended.js   (ca22a1cb)
2018-07-04T14:10:37.1518744+02:00 0HLF1KSJ5JCIH:00000002 [INF] Sending file. Request path: '"/lib/highlight.9.1.0.pack_extended.js"'. Physical path: '"N/A"' (27b0a520)
2018-07-04T14:10:37.2223959+02:00 0HLF1KSJ5JCIF:00000002 [INF] Request finished in 436.1686ms 200 application/javascript (791a596a)
2018-07-04T14:10:37.2462586+02:00 0HLF1KSJ5JCIC:00000002 [INF] Request finished in 350.0918ms 200 application/javascript (791a596a)
2018-07-04T14:10:37.2478804+02:00 0HLF1KSJ5JCIG:00000002 [INF] Request starting HTTP/1.1 GET http://localhost:5000/swagger/lib/highlight.9.1.0.pack.js   (ca22a1cb)
2018-07-04T14:10:37.2729777+02:00 0HLF1KSJ5JCIC:00000003 [INF] Request starting HTTP/1.1 GET http://localhost:5000/swagger/lib/marked.js   (ca22a1cb)
2018-07-04T14:10:37.2813398+02:00 0HLF1KSJ5JCIH:00000002 [INF] Request finished in 133.5095ms 200 application/javascript (791a596a)
2018-07-04T14:10:37.3050688+02:00 0HLF1KSJ5JCID:00000005 [INF] Sending file. Request path: '"/lib/backbone-min.js"'. Physical path: '"N/A"' (27b0a520)
2018-07-04T14:10:37.3187191+02:00 0HLF1KSJ5JCIG:00000002 [INF] Sending file. Request path: '"/lib/highlight.9.1.0.pack.js"'. Physical path: '"N/A"' (27b0a520)
2018-07-04T14:10:37.3341719+02:00 0HLF1KSJ5JCIH:00000003 [INF] Request starting HTTP/1.1 GET http://localhost:5000/swagger/lib/swagger-oauth.js   (ca22a1cb)
2018-07-04T14:10:37.3397822+02:00 0HLF1KSJ5JCIH:00000003 [INF] Sending file. Request path: '"/lib/swagger-oauth.js"'. Physical path: '"N/A"' (27b0a520)
2018-07-04T14:10:37.3545979+02:00 0HLF1KSJ5JCIF:00000003 [INF] Request starting HTTP/1.1 GET http://localhost:5000/swagger/lib/jsoneditor.min.js   (ca22a1cb)
2018-07-04T14:10:37.3620409+02:00 0HLF1KSJ5JCIC:00000003 [INF] Sending file. Request path: '"/lib/marked.js"'. Physical path: '"N/A"' (27b0a520)
2018-07-04T14:10:37.3656872+02:00 0HLF1KSJ5JCIC:00000003 [INF] Request finished in 92.7255ms 200 application/javascript (791a596a)
2018-07-04T14:10:37.3716882+02:00 0HLF1KSJ5JCID:00000005 [INF] Request finished in 235.0022ms 200 application/javascript (791a596a)
2018-07-04T14:10:37.3804768+02:00 0HLF1KSJ5JCIG:00000002 [INF] Request finished in 132.6006ms 200 application/javascript (791a596a)
2018-07-04T14:10:37.3845749+02:00 0HLF1KSJ5JCIC:00000004 [INF] Request starting HTTP/1.1 GET http://localhost:5000/swagger/images/logo_small.png   (ca22a1cb)
2018-07-04T14:10:37.4355666+02:00 0HLF1KSJ5JCIC:00000004 [INF] Sending file. Request path: '"/images/logo_small.png"'. Physical path: '"N/A"' (27b0a520)
2018-07-04T14:10:37.4734077+02:00 0HLF1KSJ5JCIC:00000004 [INF] Request finished in 87.3188ms 200 image/png (791a596a)
2018-07-04T14:10:37.4894863+02:00 0HLF1KSJ5JCIH:00000003 [INF] Request finished in 155.2514ms 200 application/javascript (791a596a)
2018-07-04T14:10:37.4957865+02:00 0HLF1KSJ5JCID:00000006 [INF] Request starting HTTP/1.1 GET http://localhost:5000/swagger/css/print.css   (ca22a1cb)
2018-07-04T14:10:37.5014928+02:00 0HLF1KSJ5JCID:00000006 [INF] Sending file. Request path: '"/css/print.css"'. Physical path: '"N/A"' (27b0a520)
2018-07-04T14:10:37.5273124+02:00 0HLF1KSJ5JCIF:00000003 [INF] Sending file. Request path: '"/lib/jsoneditor.min.js"'. Physical path: '"N/A"' (27b0a520)
2018-07-04T14:10:37.5274555+02:00 0HLF1KSJ5JCIE:00000003 [INF] Request finished in 426.541ms 200 application/javascript (791a596a)
2018-07-04T14:10:37.5274556+02:00 0HLF1KSJ5JCID:00000006 [INF] Request finished in 31.6966ms 200 text/css (791a596a)
2018-07-04T14:10:37.6587560+02:00 0HLF1KSJ5JCIF:00000003 [INF] Request finished in 304.0915ms 200 application/javascript (791a596a)
2018-07-04T14:10:37.7289323+02:00 0HLF1KSJ5JCIF:00000004 [INF] Request starting HTTP/1.1 GET http://localhost:5000/swagger/v1/swagger.json   (ca22a1cb)
2018-07-04T14:10:37.7518787+02:00 0HLF1KSJ5JCID:00000007 [INF] Request starting HTTP/1.1 GET http://localhost:5000/swagger/images/favicon-32x32.png   (ca22a1cb)
2018-07-04T14:10:37.7748591+02:00 0HLF1KSJ5JCID:00000007 [INF] Sending file. Request path: '"/images/favicon-32x32.png"'. Physical path: '"N/A"' (27b0a520)
2018-07-04T14:10:37.7783417+02:00 0HLF1KSJ5JCID:00000007 [INF] Request finished in 25.8356ms 200 image/png (791a596a)
2018-07-04T14:10:37.7833686+02:00 0HLF1KSJ5JCID:00000008 [INF] Request starting HTTP/1.1 GET http://localhost:5000/swagger/images/favicon-16x16.png   (ca22a1cb)
2018-07-04T14:10:37.7855424+02:00 0HLF1KSJ5JCID:00000008 [INF] Sending file. Request path: '"/images/favicon-16x16.png"'. Physical path: '"N/A"' (27b0a520)
2018-07-04T14:10:37.7878098+02:00 0HLF1KSJ5JCID:00000008 [INF] Request finished in 4.4441ms 200 image/png (791a596a)
2018-07-04T14:10:37.9260456+02:00 0HLF1KSJ5JCIF:00000004 [INF] Request finished in 197.1048ms 200 application/json (791a596a)
